{
  "RSpec": {
    "coverage": {
      "/Users/quaunaut/Documents/prostats/backend/spec/controllers/api/v1/players_controller_spec.rb": [
        1,
        null,
        1,
        1,
        4,
        4,
        1,
        3,
        null,
        2,
        2,
        2,
        null,
        null,
        1,
        4,
        1,
        3,
        null,
        2,
        2,
        2,
        null,
        null
      ],
      "/Users/quaunaut/Documents/prostats/backend/spec/rails_helper.rb": [
        null,
        1,
        1,
        1,
        1,
        null,
        null,
        null,
        null,
        null,
        null,
        null,
        null,
        null,
        null,
        null,
        null,
        null,
        null,
        null,
        1,
        null,
        null,
        null,
        1,
        null,
        1,
        null,
        null,
        null,
        null,
        null,
        null,
        1,
        null,
        null,
        null,
        null,
        null,
        null,
        null,
        null,
        null,
        null,
        null,
        null,
        null,
        null,
        1,
        null,
        1,
        null
      ],
      "/Users/quaunaut/Documents/prostats/backend/config/environment.rb": [
        null,
        1,
        null,
        null,
        1
      ],
      "/Users/quaunaut/Documents/prostats/backend/config/application.rb": [
        1,
        null,
        null,
        1,
        1,
        1,
        1,
        1,
        1,
        1,
        null,
        null,
        null,
        1,
        null,
        1,
        1,
        null,
        null,
        null,
        null,
        null,
        null,
        null,
        null,
        null,
        null,
        null,
        null,
        null,
        1,
        null,
        1,
        null,
        1,
        1,
        1,
        1,
        1,
        1,
        1,
        1,
        null,
        null,
        null
      ],
      "/Users/quaunaut/Documents/prostats/backend/config/boot.rb": [
        1,
        null,
        1
      ],
      "/Users/quaunaut/Documents/prostats/backend/config/environments/test.rb": [
        1,
        null,
        null,
        null,
        null,
        null,
        null,
        1,
        null,
        null,
        null,
        null,
        1,
        null,
        null,
        1,
        1,
        null,
        null,
        1,
        1,
        null,
        null,
        1,
        null,
        null,
        1,
        null,
        null,
        null,
        null,
        1,
        null,
        null,
        1,
        null,
        null,
        1,
        null,
        null,
        null,
        null
      ],
      "/Users/quaunaut/Documents/prostats/backend/config/initializers/assets.rb": [
        null,
        null,
        null,
        1,
        null,
        null,
        null,
        null,
        null,
        null,
        null
      ],
      "/Users/quaunaut/Documents/prostats/backend/config/initializers/backtrace_silencers.rb": [
        null,
        null,
        null,
        null,
        null,
        null,
        null
      ],
      "/Users/quaunaut/Documents/prostats/backend/config/initializers/cookies_serializer.rb": [
        null,
        null,
        1
      ],
      "/Users/quaunaut/Documents/prostats/backend/config/initializers/filter_parameter_logging.rb": [
        null,
        null,
        null,
        1
      ],
      "/Users/quaunaut/Documents/prostats/backend/config/initializers/inflections.rb": [
        null,
        null,
        null,
        null,
        null,
        null,
        null,
        null,
        null,
        null,
        null,
        null,
        null,
        null,
        null,
        null
      ],
      "/Users/quaunaut/Documents/prostats/backend/config/initializers/mime_types.rb": [
        null,
        null,
        null,
        null
      ],
      "/Users/quaunaut/Documents/prostats/backend/config/initializers/session_store.rb": [
        null,
        null,
        1
      ],
      "/Users/quaunaut/Documents/prostats/backend/config/initializers/wrap_parameters.rb": [
        null,
        null,
        null,
        null,
        null,
        null,
        1,
        1,
        null,
        null,
        null,
        null,
        null,
        null
      ],
      "/Users/quaunaut/Documents/prostats/backend/spec/factories/players.rb": [
        1,
        1,
        10,
        10,
        1,
        1,
        1,
        null,
        null
      ],
      "/Users/quaunaut/Documents/prostats/backend/config/routes.rb": [
        1,
        null,
        1,
        1,
        1,
        1,
        null,
        null,
        null
      ],
      "/Users/quaunaut/Documents/prostats/backend/lib/api_constraints.rb": [
        1,
        1,
        1,
        1,
        null,
        null,
        1,
        0,
        null,
        null
      ],
      "/Users/quaunaut/Documents/prostats/backend/app/helpers/application_helper.rb": [
        1,
        null
      ],
      "/Users/quaunaut/Documents/prostats/backend/app/controllers/api/v1/players_controller.rb": [
        1,
        1,
        null,
        1,
        3,
        null,
        3,
        null,
        null,
        1,
        3,
        null,
        null,
        1,
        null,
        1,
        3,
        null,
        null
      ],
      "/Users/quaunaut/Documents/prostats/backend/app/controllers/application_controller.rb": [
        1,
        null,
        null,
        1,
        null
      ],
      "/Users/quaunaut/Documents/prostats/backend/app/models/player.rb": [
        1,
        1,
        null,
        null,
        null,
        null,
        null,
        null,
        null
      ]
    },
    "timestamp": 1432989340
  }
}
